d:\projects\studia\2048\debug\2048.lib
d:\projects\studia\2048\debug\2048.exp
d:\projects\studia\2048\2048\debug\vc141.pdb
d:\projects\studia\2048\2048\debug\vc141.idb
d:\projects\studia\2048\2048\debug\main.obj
d:\projects\studia\2048\2048\debug\window.obj
d:\projects\studia\2048\2048\debug\drawable.obj
d:\projects\studia\2048\2048\debug\application.obj
d:\projects\studia\2048\2048\debug\utility.obj
d:\projects\studia\2048\2048\debug\clock.obj
d:\projects\studia\2048\2048\debug\board.obj
d:\projects\studia\2048\debug\2048.exe
d:\projects\studia\2048\debug\2048.ilk
d:\projects\studia\2048\debug\2048.pdb
d:\projects\studia\2048\2048\debug\2048.tlog\2048.write.1u.tlog
d:\projects\studia\2048\2048\debug\2048.tlog\cl.command.1.tlog
d:\projects\studia\2048\2048\debug\2048.tlog\cl.read.1.tlog
d:\projects\studia\2048\2048\debug\2048.tlog\cl.write.1.tlog
d:\projects\studia\2048\2048\debug\2048.tlog\link.command.1.tlog
d:\projects\studia\2048\2048\debug\2048.tlog\link.read.1.tlog
d:\projects\studia\2048\2048\debug\2048.tlog\link.write.1.tlog
