     Creating library D:\Projects\Studia\2048\x64\Debug\2048.lib and object D:\Projects\Studia\2048\x64\Debug\2048.exp
Clock.obj : error LNK2019: unresolved external symbol SDL_GetTicks referenced in function "public: unsigned int __cdecl SimulationClock::nextStep(void)" (?nextStep@SimulationClock@@QEAAIXZ)
Clock.obj : error LNK2019: unresolved external symbol SDL_Delay referenced in function "public: unsigned int __cdecl SimulationClock::nextStep(void)" (?nextStep@SimulationClock@@QEAAIXZ)
Utility.obj : error LNK2019: unresolved external symbol SDL_MapRGB referenced in function "public: int __cdecl Color::sdlLike(struct SDL_Surface const *)const " (?sdlLike@Color@@QEBAHPEBUSDL_Surface@@@Z)
Window.obj : error LNK2019: unresolved external symbol SDL_RWFromFile referenced in function "public: __cdecl RenderTarget::RenderTarget(struct SDL_Renderer *,struct WindowProperties const &)" (??0RenderTarget@@QEAA@PEAUSDL_Renderer@@AEBUWindowProperties@@@Z)
Window.obj : error LNK2019: unresolved external symbol SDL_CreateRGBSurface referenced in function "public: __cdecl RenderTarget::RenderTarget(struct SDL_Renderer *,struct WindowProperties const &)" (??0RenderTarget@@QEAA@PEAUSDL_Renderer@@AEBUWindowProperties@@@Z)
Window.obj : error LNK2019: unresolved external symbol SDL_FreeSurface referenced in function "public: __cdecl RenderTarget::~RenderTarget(void)" (??1RenderTarget@@QEAA@XZ)
Window.obj : error LNK2019: unresolved external symbol SDL_LoadBMP_RW referenced in function "public: __cdecl RenderTarget::RenderTarget(struct SDL_Renderer *,struct WindowProperties const &)" (??0RenderTarget@@QEAA@PEAUSDL_Renderer@@AEBUWindowProperties@@@Z)
Window.obj : error LNK2019: unresolved external symbol SDL_SetColorKey referenced in function "public: __cdecl RenderTarget::RenderTarget(struct SDL_Renderer *,struct WindowProperties const &)" (??0RenderTarget@@QEAA@PEAUSDL_Renderer@@AEBUWindowProperties@@@Z)
Window.obj : error LNK2019: unresolved external symbol SDL_SetSurfaceColorMod referenced in function "public: void __cdecl RenderTarget::draw(char const *,struct Color const &,struct Transform)" (?draw@RenderTarget@@QEAAXPEBDAEBUColor@@UTransform@@@Z)
Window.obj : error LNK2019: unresolved external symbol SDL_FillRect referenced in function "private: void __cdecl RenderTarget::clear(struct Color const &)" (?clear@RenderTarget@@AEAAXAEBUColor@@@Z)
Window.obj : error LNK2019: unresolved external symbol SDL_UpperBlitScaled referenced in function "public: void __cdecl RenderTarget::draw(struct SDL_Surface *,struct Transform const &)" (?draw@RenderTarget@@QEAAXPEAUSDL_Surface@@AEBUTransform@@@Z)
Window.obj : error LNK2019: unresolved external symbol SDL_SetWindowTitle referenced in function "public: void __cdecl Window::setTitle(char const *)" (?setTitle@Window@@QEAAXPEBD@Z)
Window.obj : error LNK2019: unresolved external symbol SDL_DestroyWindow referenced in function "public: __cdecl Window::~Window(void)" (??1Window@@QEAA@XZ)
Window.obj : error LNK2019: unresolved external symbol SDL_ShowCursor referenced in function "public: void __cdecl Window::setCursorVisible(bool)" (?setCursorVisible@Window@@QEAAX_N@Z)
Window.obj : error LNK2019: unresolved external symbol SDL_PollEvent referenced in function "public: bool __cdecl Window::pollEvent(union SDL_Event &)" (?pollEvent@Window@@QEAA_NAEATSDL_Event@@@Z)
Window.obj : error LNK2019: unresolved external symbol SDL_SetHint referenced in function "public: __cdecl Window::Window(struct WindowProperties const &)" (??0Window@@QEAA@AEBUWindowProperties@@@Z)
Window.obj : error LNK2019: unresolved external symbol SDL_CreateWindowAndRenderer referenced in function "public: __cdecl Window::Window(struct WindowProperties const &)" (??0Window@@QEAA@AEBUWindowProperties@@@Z)
Window.obj : error LNK2019: unresolved external symbol SDL_CreateTexture referenced in function "public: __cdecl RenderTarget::RenderTarget(struct SDL_Renderer *,struct WindowProperties const &)" (??0RenderTarget@@QEAA@PEAUSDL_Renderer@@AEBUWindowProperties@@@Z)
Window.obj : error LNK2019: unresolved external symbol SDL_UpdateTexture referenced in function "private: void __cdecl RenderTarget::display(void)" (?display@RenderTarget@@AEAAXXZ)
Window.obj : error LNK2019: unresolved external symbol SDL_RenderSetLogicalSize referenced in function "public: __cdecl Window::Window(struct WindowProperties const &)" (??0Window@@QEAA@AEBUWindowProperties@@@Z)
Window.obj : error LNK2019: unresolved external symbol SDL_SetRenderDrawColor referenced in function "public: __cdecl Window::Window(struct WindowProperties const &)" (??0Window@@QEAA@AEBUWindowProperties@@@Z)
Window.obj : error LNK2019: unresolved external symbol SDL_RenderCopy referenced in function "private: void __cdecl RenderTarget::display(void)" (?display@RenderTarget@@AEAAXXZ)
Window.obj : error LNK2019: unresolved external symbol SDL_RenderPresent referenced in function "private: void __cdecl RenderTarget::display(void)" (?display@RenderTarget@@AEAAXXZ)
Window.obj : error LNK2019: unresolved external symbol SDL_DestroyTexture referenced in function "public: __cdecl RenderTarget::~RenderTarget(void)" (??1RenderTarget@@QEAA@XZ)
Window.obj : error LNK2019: unresolved external symbol SDL_DestroyRenderer referenced in function "public: __cdecl Window::~Window(void)" (??1Window@@QEAA@XZ)
Window.obj : error LNK2019: unresolved external symbol SDL_Init referenced in function "public: __cdecl Window::Window(struct WindowProperties const &)" (??0Window@@QEAA@AEBUWindowProperties@@@Z)
Window.obj : error LNK2019: unresolved external symbol SDL_Quit referenced in function "public: __cdecl Window::~Window(void)" (??1Window@@QEAA@XZ)
MSVCRTD.lib(exe_main.obj) : error LNK2019: unresolved external symbol main referenced in function "int __cdecl invoke_main(void)" (?invoke_main@@YAHXZ)
D:\Projects\Studia\2048\2048\SDL-2.0.7\lib\x86\SDL2.lib : warning LNK4272: library machine type 'x86' conflicts with target machine type 'x64'
D:\Projects\Studia\2048\2048\SDL-2.0.7\lib\x86\SDL2main.lib : warning LNK4272: library machine type 'x86' conflicts with target machine type 'x64'
D:\Projects\Studia\2048\x64\Debug\2048.exe : fatal error LNK1120: 28 unresolved externals
