d:\projects\studia\2048\release\2048.lib
d:\projects\studia\2048\release\2048.exp
d:\projects\studia\2048\release\2048.ipdb
d:\projects\studia\2048\release\2048.iobj
d:\projects\studia\2048\2048\release\vc141.pdb
d:\projects\studia\2048\2048\release\window.obj
d:\projects\studia\2048\2048\release\utility.obj
d:\projects\studia\2048\2048\release\main.obj
d:\projects\studia\2048\2048\release\drawable.obj
d:\projects\studia\2048\2048\release\clock.obj
d:\projects\studia\2048\2048\release\board.obj
d:\projects\studia\2048\2048\release\application.obj
d:\projects\studia\2048\release\2048.exe
d:\projects\studia\2048\release\2048.pdb
d:\projects\studia\2048\2048\release\2048.tlog\2048.write.1u.tlog
d:\projects\studia\2048\2048\release\2048.tlog\cl.command.1.tlog
d:\projects\studia\2048\2048\release\2048.tlog\cl.read.1.tlog
d:\projects\studia\2048\2048\release\2048.tlog\cl.write.1.tlog
d:\projects\studia\2048\2048\release\2048.tlog\link.command.1.tlog
d:\projects\studia\2048\2048\release\2048.tlog\link.read.1.tlog
d:\projects\studia\2048\2048\release\2048.tlog\link.write.1.tlog
